[2021-08-19 11:29:24Z INFO HostContext] No proxy settings were found based on environmental variables (http_proxy/https_proxy/HTTP_PROXY/HTTPS_PROXY)
[2021-08-19 11:29:24Z INFO HostContext] Well known directory 'Bin': '/home/ubuntu/simple-fortune-cookie/actions-runner/bin'
[2021-08-19 11:29:24Z INFO HostContext] Well known directory 'Root': '/home/ubuntu/simple-fortune-cookie/actions-runner'
[2021-08-19 11:29:24Z INFO HostContext] Well known config file 'Credentials': '/home/ubuntu/simple-fortune-cookie/actions-runner/.credentials'
[2021-08-19 11:29:24Z INFO Listener] Runner is built for Linux (X64) - linux-x64.
[2021-08-19 11:29:24Z INFO Listener] RuntimeInformation: Linux 5.8.0-1038-gcp #40~20.04.1-Ubuntu SMP Thu Jul 15 11:55:03 UTC 2021.
[2021-08-19 11:29:24Z INFO Listener] Version: 2.280.2
[2021-08-19 11:29:24Z INFO Listener] Commit: ccafb91bfbcee5bed530aa82a1a0381b2c8f260c
[2021-08-19 11:29:24Z INFO Listener] Culture: 
[2021-08-19 11:29:24Z INFO Listener] UI Culture: 
[2021-08-19 11:29:24Z INFO HostContext] Well known directory 'Bin': '/home/ubuntu/simple-fortune-cookie/actions-runner/bin'
[2021-08-19 11:29:24Z INFO HostContext] Well known directory 'Root': '/home/ubuntu/simple-fortune-cookie/actions-runner'
[2021-08-19 11:29:24Z INFO Listener] Validating directory permissions for: '/home/ubuntu/simple-fortune-cookie/actions-runner'
[2021-08-19 11:29:24Z INFO CommandLineParser] Parse
[2021-08-19 11:29:24Z INFO CommandLineParser] Parsing 1 args
[2021-08-19 11:29:24Z INFO CommandLineParser] parsing argument
[2021-08-19 11:29:24Z INFO CommandLineParser] HasArgs: False
[2021-08-19 11:29:24Z INFO CommandLineParser] Adding Command: run
[2021-08-19 11:29:24Z INFO Listener] Arguments parsed
[2021-08-19 11:29:24Z INFO Runner] ExecuteCommand
[2021-08-19 11:29:24Z INFO ConfigurationStore] currentAssemblyLocation: /home/ubuntu/simple-fortune-cookie/actions-runner/bin/Runner.Listener.dll
[2021-08-19 11:29:24Z INFO HostContext] Well known directory 'Bin': '/home/ubuntu/simple-fortune-cookie/actions-runner/bin'
[2021-08-19 11:29:24Z INFO ConfigurationStore] binPath: /home/ubuntu/simple-fortune-cookie/actions-runner/bin
[2021-08-19 11:29:24Z INFO HostContext] Well known directory 'Bin': '/home/ubuntu/simple-fortune-cookie/actions-runner/bin'
[2021-08-19 11:29:24Z INFO HostContext] Well known directory 'Root': '/home/ubuntu/simple-fortune-cookie/actions-runner'
[2021-08-19 11:29:24Z INFO ConfigurationStore] RootFolder: /home/ubuntu/simple-fortune-cookie/actions-runner
[2021-08-19 11:29:24Z INFO HostContext] Well known directory 'Bin': '/home/ubuntu/simple-fortune-cookie/actions-runner/bin'
[2021-08-19 11:29:24Z INFO HostContext] Well known directory 'Root': '/home/ubuntu/simple-fortune-cookie/actions-runner'
[2021-08-19 11:29:24Z INFO HostContext] Well known config file 'Runner': '/home/ubuntu/simple-fortune-cookie/actions-runner/.runner'
[2021-08-19 11:29:24Z INFO ConfigurationStore] ConfigFilePath: /home/ubuntu/simple-fortune-cookie/actions-runner/.runner
[2021-08-19 11:29:24Z INFO HostContext] Well known directory 'Bin': '/home/ubuntu/simple-fortune-cookie/actions-runner/bin'
[2021-08-19 11:29:24Z INFO HostContext] Well known directory 'Root': '/home/ubuntu/simple-fortune-cookie/actions-runner'
[2021-08-19 11:29:24Z INFO HostContext] Well known config file 'Credentials': '/home/ubuntu/simple-fortune-cookie/actions-runner/.credentials'
[2021-08-19 11:29:24Z INFO ConfigurationStore] CredFilePath: /home/ubuntu/simple-fortune-cookie/actions-runner/.credentials
[2021-08-19 11:29:24Z INFO HostContext] Well known directory 'Bin': '/home/ubuntu/simple-fortune-cookie/actions-runner/bin'
[2021-08-19 11:29:24Z INFO HostContext] Well known directory 'Root': '/home/ubuntu/simple-fortune-cookie/actions-runner'
[2021-08-19 11:29:24Z INFO HostContext] Well known config file 'MigratedCredentials': '/home/ubuntu/simple-fortune-cookie/actions-runner/.credentials_migrated'
[2021-08-19 11:29:24Z INFO ConfigurationStore] MigratedCredFilePath: /home/ubuntu/simple-fortune-cookie/actions-runner/.credentials_migrated
[2021-08-19 11:29:24Z INFO HostContext] Well known directory 'Bin': '/home/ubuntu/simple-fortune-cookie/actions-runner/bin'
[2021-08-19 11:29:24Z INFO HostContext] Well known directory 'Root': '/home/ubuntu/simple-fortune-cookie/actions-runner'
[2021-08-19 11:29:24Z INFO HostContext] Well known config file 'Service': '/home/ubuntu/simple-fortune-cookie/actions-runner/.service'
[2021-08-19 11:29:24Z INFO ConfigurationStore] ServiceConfigFilePath: /home/ubuntu/simple-fortune-cookie/actions-runner/.service
[2021-08-19 11:29:24Z INFO CommandSettings] Flag 'help': 'False'
[2021-08-19 11:29:24Z INFO CommandSettings] Flag 'version': 'False'
[2021-08-19 11:29:24Z INFO CommandSettings] Flag 'commit': 'False'
[2021-08-19 11:29:24Z INFO CommandSettings] Flag 'check': 'False'
[2021-08-19 11:29:24Z INFO CommandSettings] Command 'configure': 'False'
[2021-08-19 11:29:24Z INFO CommandSettings] Command 'remove': 'False'
[2021-08-19 11:29:24Z INFO CommandSettings] Command 'warmup': 'False'
[2021-08-19 11:29:24Z INFO ConfigurationManager] LoadSettings
[2021-08-19 11:29:24Z INFO ConfigurationStore] IsConfigured()
[2021-08-19 11:29:24Z INFO ConfigurationStore] IsConfigured: True
[2021-08-19 11:29:24Z INFO ConfigurationManager] Is configured: True
[2021-08-19 11:29:24Z INFO ConfigurationStore] Read setting file: 309 chars
[2021-08-19 11:29:24Z INFO ConfigurationManager] Settings Loaded
[2021-08-19 11:29:24Z INFO ConfigurationStore] IsServiceConfigured()
[2021-08-19 11:29:24Z INFO ConfigurationStore] IsServiceConfigured: False
[2021-08-19 11:29:24Z INFO CommandSettings] Command 'run': 'True'
[2021-08-19 11:29:24Z INFO ConfigurationStore] IsConfigured()
[2021-08-19 11:29:24Z INFO ConfigurationStore] IsConfigured: True
[2021-08-19 11:29:24Z INFO ConfigurationManager] Is configured: True
[2021-08-19 11:29:24Z INFO Runner] Could not parse the argument value '' for StartupType. Defaulting to Manual
[2021-08-19 11:29:24Z INFO Runner] Set runner startup type - Manual
[2021-08-19 11:29:24Z INFO CommandSettings] Flag 'once': 'False'
[2021-08-19 11:29:24Z INFO Runner] RunAsync
[2021-08-19 11:29:24Z INFO ConfigurationManager] LoadSettings
[2021-08-19 11:29:24Z INFO ConfigurationStore] IsConfigured()
[2021-08-19 11:29:24Z INFO ConfigurationStore] IsConfigured: True
[2021-08-19 11:29:24Z INFO ConfigurationManager] Is configured: True
[2021-08-19 11:29:24Z INFO ConfigurationManager] Settings Loaded
[2021-08-19 11:29:24Z INFO MessageListener] {
  "AgentId": 2,
  "AgentName": "devopsacademy-instance5",
  "PoolId": 1,
  "PoolName": "Default",
  "ServerUrl": "https://pipelines.actions.githubusercontent.com/F8MTBRCXZBJKmPQd8aUBa0KJLKoHkQAjSxMHEsEYZLPpzErSEO",
  "GitHubUrl": "https://github.com/antje12/simple-fortune-cookie",
  "WorkFolder": "_work"
}
[2021-08-19 11:29:24Z INFO MessageListener] Loading Credentials
[2021-08-19 11:29:24Z INFO ConfigurationStore] HasCredentials()
[2021-08-19 11:29:24Z INFO ConfigurationStore] stored True
[2021-08-19 11:29:24Z INFO CredentialManager] GetCredentialProvider
[2021-08-19 11:29:24Z INFO CredentialManager] Creating type OAuth
[2021-08-19 11:29:24Z INFO CredentialManager] Creating credential type: OAuth
[2021-08-19 11:29:24Z INFO HostContext] Well known directory 'Bin': '/home/ubuntu/simple-fortune-cookie/actions-runner/bin'
[2021-08-19 11:29:24Z INFO HostContext] Well known directory 'Root': '/home/ubuntu/simple-fortune-cookie/actions-runner'
[2021-08-19 11:29:24Z INFO HostContext] Well known config file 'RSACredentials': '/home/ubuntu/simple-fortune-cookie/actions-runner/.credentials_rsaparams'
[2021-08-19 11:29:24Z INFO RSAFileKeyManager] Loading RSA key parameters from file /home/ubuntu/simple-fortune-cookie/actions-runner/.credentials_rsaparams
[2021-08-19 11:29:24Z INFO MessageListener] Attempt to create session.
[2021-08-19 11:29:24Z INFO MessageListener] Connecting to the Runner Server...
[2021-08-19 11:29:24Z INFO RunnerServer] Establish connection with 100 seconds timeout.
[2021-08-19 11:29:24Z INFO GitHubActionsService] Starting operation Location.GetConnectionData
[2021-08-19 11:29:25Z INFO RunnerServer] Establish connection with 60 seconds timeout.
[2021-08-19 11:29:25Z INFO GitHubActionsService] Starting operation Location.GetConnectionData
[2021-08-19 11:29:25Z INFO RunnerServer] Establish connection with 60 seconds timeout.
[2021-08-19 11:29:25Z INFO GitHubActionsService] Starting operation Location.GetConnectionData
[2021-08-19 11:29:25Z INFO GitHubActionsService] Finished operation Location.GetConnectionData
[2021-08-19 11:29:25Z INFO GitHubActionsService] Finished operation Location.GetConnectionData
[2021-08-19 11:29:25Z INFO GitHubActionsService] Finished operation Location.GetConnectionData
[2021-08-19 11:29:25Z INFO MessageListener] VssConnection created
[2021-08-19 11:29:25Z INFO Terminal] WRITE LINE: 
[2021-08-19 11:29:25Z INFO Terminal] WRITE LINE: 
[2021-08-19 11:29:25Z WARN GitHubActionsService] Authentication failed with status code 401.
WWW-Authenticate: Bearer
Strict-Transport-Security: max-age=2592000
X-TFS-ProcessId: 76d57b45-d6ee-4fcd-884d-c84d93bdebe5
ActivityId: df411985-480b-4947-b891-f1f62092878a
X-TFS-Session: 02244745-8d28-4d10-94ba-46ab5c0c864f
X-VSS-E2EID: ac0dc7c5-2891-4e37-b1d8-26c8e14ff200
X-VSS-SenderDeploymentId: 6074703f-c195-632a-bd61-21691fc86fa5
X-TFS-ServiceError: The+user+%27System%3aPublicAccess%3baaaaaaaa-aaaa-aaaa-aaaa-aaaaaaaaaaaa%27+is+not+authorized+to+access+this+resource.
X-VSS-S2STargetService: 0000005A-0000-8888-8000-000000000000/visualstudio.com
X-Cache: CONFIG_NOCACHE
X-MSEdge-Ref: Ref A: A2134E4DC91B4661B512FD68E4CCAB4B Ref B: LON04EDGE1010 Ref C: 2021-08-19T11:29:25Z
Date: Thu, 19 Aug 2021 11:29:25 GMT

[2021-08-19 11:29:25Z INFO RSAFileKeyManager] Loading RSA key parameters from file /home/ubuntu/simple-fortune-cookie/actions-runner/.credentials_rsaparams
[2021-08-19 11:29:25Z INFO RSAFileKeyManager] Loading RSA key parameters from file /home/ubuntu/simple-fortune-cookie/actions-runner/.credentials_rsaparams
[2021-08-19 11:29:26Z INFO GitHubActionsService] AAD Correlation ID for this token request: Unknown
[2021-08-19 11:29:26Z INFO MessageListener] Session created.
[2021-08-19 11:29:26Z INFO Terminal] WRITE LINE: 2021-08-19 11:29:26Z: Listening for Jobs
[2021-08-19 11:29:26Z INFO JobDispatcher] Set runner/worker IPC timeout to 30 seconds.
